<?xml version="1.0" encoding="UTF-8"?>
<!-- Generated by org.testng.reporters.JUnitReportReporter -->
<testsuite hostname="ZAOMPEUCV0049" failures="0" tests="1" name="testCases.Apitest_Google_Maps" time="12.924" errors="0" timestamp="2021-02-02T08:13:21 SAST" skipped="0">
  <testcase classname="testCases.Apitest_Google_Maps" name="getAddress" time="12.924"/>
  <system-out/>
</testsuite> <!-- testCases.Apitest_Google_Maps -->
