<?xml version="1.0" encoding="UTF-8"?>
<!-- Generated by org.testng.reporters.JUnitReportReporter -->
<testsuite hostname="ZAOMPEUCV0049" failures="0" tests="1" name="testCases.NFR_Verification" time="3956.800" errors="0" timestamp="2021-02-12T16:08:44 SAST" skipped="0">
  <testcase classname="testCases.NFR_Verification" name="VerifyNFR" time="3956.800"/>
  <system-out/>
</testsuite> <!-- testCases.NFR_Verification -->
