<?xml version="1.0" encoding="UTF-8"?>
<!-- Generated by org.testng.reporters.JUnitReportReporter -->
<testsuite hostname="ZAOMPEUCV0049" failures="0" tests="1" name="testCases.ComplexJsonpars" time="6.698" errors="0" timestamp="2021-01-20T11:59:05 SAST" skipped="0">
  <testcase classname="testCases.ComplexJsonpars" name="Jsonparse" time="6.698"/>
  <system-out/>
</testsuite> <!-- testCases.ComplexJsonpars -->
